
[30/05/2019 14:32:54] 
[30/05/2019 14:32:54] *** INICIO Script usuarios.php ***
[30/05/2019 14:32:54] 
[30/05/2019 14:32:54] Arquivo de Log: log/usuarios.php_20190530_143254.log
[30/05/2019 14:32:54]     Script PHP: usuarios.php
[30/05/2019 14:32:54] 
[30/05/2019 14:32:54] Inicio: 14:32:54
[30/05/2019 14:32:54] Final.: 14:32:54
[30/05/2019 14:32:54] 
[30/05/2019 14:32:54] *** FINAL Script usuarios.php ***
[30/05/2019 14:32:54] 
[30/05/2019 14:32:54] 
[30/05/2019 14:32:54] *** INICIO Script usuarios.php ***
[30/05/2019 14:32:54] 
[30/05/2019 14:32:54] Arquivo de Log: log/usuarios.php_20190530_143254.log
[30/05/2019 14:32:54]     Script PHP: usuarios.php
[30/05/2019 14:32:54] 
[30/05/2019 14:32:54] Inicio: 14:32:54
[30/05/2019 14:32:54] Final.: 14:32:54
[30/05/2019 14:32:54] 
[30/05/2019 14:32:54] *** FINAL Script usuarios.php ***
[30/05/2019 14:32:54] 